[2026-02-03T09:23:06.027Z] [INFO] ========================================
[2026-02-03T09:23:06.028Z] [INFO] 每日分数抓取任务启动
[2026-02-03T09:23:06.028Z] [INFO] 目标日期: 2026-02-03
[2026-02-03T09:23:06.028Z] [INFO] 强制更新: true
[2026-02-03T09:23:06.028Z] [INFO] ========================================
[2026-02-03T09:23:06.031Z] [INFO] 找到 17 个用户
[2026-02-03T09:23:06.031Z] [INFO] [1/17] 查询: 刘泽泽
[2026-02-03T09:23:09.204Z] [DEBUG] 找到用户 刘泽泽: 45分
[2026-02-03T09:23:10.005Z] [INFO] [2/17] 查询: 权伟
[2026-02-03T09:23:12.136Z] [DEBUG] 找到用户 权伟: 41分
[2026-02-03T09:23:12.937Z] [INFO] [3/17] 查询: 惠智诚
[2026-02-03T09:23:14.957Z] [DEBUG] 找到用户 惠智诚: 16分
[2026-02-03T09:23:15.758Z] [INFO] [4/17] 查询: 郭佳兴
[2026-02-03T09:23:17.497Z] [DEBUG] 找到用户 郭佳兴: 16分
[2026-02-03T09:23:18.299Z] [INFO] [5/17] 查询: 任泽
[2026-02-03T09:23:19.204Z] [DEBUG] 找到用户 任泽: 16分
[2026-02-03T09:23:20.005Z] [INFO] [6/17] 查询: 刘国梁
[2026-02-03T09:23:20.849Z] [DEBUG] 找到用户 刘国梁: 45分
[2026-02-03T09:23:21.651Z] [INFO] [7/17] 查询: 王佳
[2026-02-03T09:23:22.514Z] [DEBUG] 找到用户 王佳: 45分
[2026-02-03T09:23:23.315Z] [INFO] [8/17] 查询: 刘盟涛
[2026-02-03T09:23:25.256Z] [DEBUG] 找到用户 刘盟涛: 45分
[2026-02-03T09:23:26.057Z] [INFO] [9/17] 查询: 苏鹏伟
[2026-02-03T09:23:27.860Z] [DEBUG] 找到用户 苏鹏伟: 45分
[2026-02-03T09:23:28.661Z] [INFO] [10/17] 查询: 马英
[2026-02-03T09:23:30.350Z] [DEBUG] 找到用户 马英: 45分
[2026-02-03T09:23:31.151Z] [INFO] [11/17] 查询: 白鹏刚
[2026-02-03T09:23:31.896Z] [DEBUG] 找到用户 白鹏刚: 45分
[2026-02-03T09:23:32.698Z] [INFO] [12/17] 查询: 王佳营
[2026-02-03T09:23:33.646Z] [DEBUG] 找到用户 王佳营: 45分
[2026-02-03T09:23:34.447Z] [INFO] [13/17] 查询: 赵鹏飞
[2026-02-03T09:23:35.214Z] [DEBUG] 找到用户 赵鹏飞: 45分
[2026-02-03T09:23:36.015Z] [INFO] [14/17] 查询: 张三
[2026-02-03T09:23:40.340Z] [INFO] [15/17] 查询: 李四
[2026-02-03T09:23:42.648Z] [INFO] [16/17] 查询: 王五
[2026-02-03T09:23:44.987Z] [INFO] [17/17] 查询: 赵六
[2026-02-03T09:23:48.328Z] [INFO] 汇总已保存: daily-summary/2026-02-03.json
[2026-02-03T09:23:48.329Z] [INFO] 月度数据已更新: data/2026-02.json
[2026-02-03T09:23:48.329Z] [INFO] ========================================
[2026-02-03T09:23:48.329Z] [INFO] 抓取完成
[2026-02-03T09:23:48.329Z] [INFO] 成功抓取: 17/17
[2026-02-03T09:23:48.329Z] [INFO] 超额人数: 0
[2026-02-03T09:23:48.329Z] [INFO] 失败人数: 0
[2026-02-03T09:23:48.329Z] [INFO] 月度总用户: 18
[2026-02-03T09:23:48.329Z] [INFO] ========================================
